-gl2yJkKrSk	non-workout: Zwift Group Workout: HIIT Intervals | Train With GCN
-ujldbw4rYY	missing intervals
-zaE5zJrvnw	missing intervals
0QhIwch0T2k	missing intervals
1q4J79Gxvi8	missing intervals
1rOtERkbeRY	missing intervals
2KuIUUW4CbI	missing intervals
2WYWuEUSWns	missing intervals
4Ek31_3PMW4	missing intervals
6I_GpZZUWhQ	missing intervals
6iObJAItynU	missing intervals
7Nxhie5X1tA	missing intervals
7gxwfezzqdQ	missing intervals
8juOXfj7-S4	missing intervals
8w-FuRMilH4	missing intervals
AiDD_aqdnK0	non-workout: HIIT - 35 Minute Cycle Training Workout - Hill Training
BvStoiM0z48	missing intervals
CKlHcg-yBVo	missing intervals
ChBZ9Hp-zqE	missing intervals
Cvy9-NNiEio	missing intervals
D9is0fZQ4V0	non-workout: Extreme Fat Burning Workout - 50 Minute Indoor Cycling Class
Fa-V3zf7-wE	missing intervals
GRru5z8lW3Q	missing intervals
GyyPvfzGscY	missing intervals
I8P6ngXhGRY	missing intervals
IfR1l3a3uNA	missing intervals
J9fAk04oTtA	missing intervals
KJvt6xOUep4	missing intervals
MvO2LRlVsyI	missing intervals
N5Xo9WPloew	missing intervals
Nm2birGdJqk	missing intervals
Od14d1MyoOc	missing intervals
Om1XM6tJ9Ak	missing intervals
PSfKV8jYSrw	missing intervals
Pln_nGVk7Js	missing intervals
PuC4slucVrk	missing intervals
Pvg9c0-iYgg	missing intervals
QB69Pwl6GI8	missing intervals
QR-cFEYn0FM	missing intervals
QUoToFsMNig	missing intervals
QVUEWb88iv0	missing intervals
QklBrfmChro	missing intervals
QuKEyPhRrMM	missing intervals
RaIRVHAPR9A	missing intervals
TDVExXAtQYw	missing intervals
TgspMhC3IWU	missing intervals
UKenONcURLI	missing intervals
UVEmmw6mQdI	missing intervals
Umrgux4acGQ	missing intervals
WKK7_6RZZNM	missing intervals
WWmYrjOworw	missing intervals
Wnqm7T2WpE4	missing intervals
WtFXazEPxcA	missing intervals
YipJAsAj5Kc	missing intervals
ZiGE3-L4vyg	missing intervals
_DfOulVPpdM	missing intervals
a1vLzLHzbgc	missing intervals
aVUtuoNBLRI	missing intervals
bEfCKGBJc6k	missing intervals
c-LNKkUQ5Wc	missing intervals
cTs2fwpqBbg	missing intervals
cfIaZsOZ_us	missing intervals
d4EuOnDiilo	missing intervals
d6oWk-C2164	missing intervals
eNyVyngn0l8	missing intervals
ew1oXzVC-7M	missing intervals
ewrf_rCHUdA	missing intervals
fEKKHAEg_B8	missing intervals
fU22PlDpiSw	missing intervals
gryPYiipR5M	missing intervals
iR9quS91C40	missing intervals
iif-w7vDdMs	missing intervals
jY8MwfuyK94	missing intervals
jsfxXUiMjzc	missing intervals
k0xAOVmL6zg	missing intervals
kQn0bykg7j0	missing intervals
kn0KhpQgpr4	missing intervals
lFbjsRvjF-A	non-workout: Cycling Workout - Get Fit With GCN's 60 Minute Turbo Trainer Class
lQxo1lZ8H1Q	missing intervals
lUqhsi_D4l4	missing intervals
leMhp6CDr3M	missing intervals
mY_TLS9fo20	missing intervals
mv0H9iCz8Ms	non-workout: 45 Minute Cycle Training Workout - Sprint Training
ndh2LxWvwTc	missing intervals
nm0-zczXcik	missing intervals
p_HF6m2-i8Y	missing intervals
paPUOE14KLk	missing intervals
qIh2PXq1Oz0	missing intervals
qTIM0tqWoTU	missing intervals
rNGNgLA-PeA	missing intervals
sNZkm6a0MLc	missing intervals
uGnWzZ6kXrA	missing intervals
uZOBOsNKi7E	missing intervals
v8A-qBWSMK0	missing intervals
vIq0l_nvYKc	missing intervals
vZ-7ciRpO5s	missing intervals
vyWJ6PCsjGI	missing intervals
wBVCTLKXdtE	missing intervals
whHlEyjalrc	missing intervals
ww8rVspvaLw	missing intervals
yOJ56kSnsQw	missing intervals
yS91kZgp1zo	missing intervals
ybLM983BOCk	missing intervals
yi-QGmyKhL4	missing intervals
ymPISBYuUew	missing intervals
ziTiZVGoinE	missing intervals
